<?xml version="1.0" encoding="UTF-8"?>
<testsuite name="MyClassTest" tests="1" skipped="0" failures="0" errors="0" timestamp="2019-05-06T13:21:26" hostname="Marchenko" time="0.001">
  <properties/>
  <testcase name="firstTest" classname="MyClassTest" time="0.001"/>
  <system-out><![CDATA[]]></system-out>
  <system-err><![CDATA[]]></system-err>
</testsuite>
